-------------------------------------------------------------------------------
Test set: be.technifutur.demineurApp.DemineurFactoryTest
-------------------------------------------------------------------------------
Tests run: 1, Failures: 1, Errors: 0, Skipped: 0, Time elapsed: 0.023 s <<< FAILURE! - in be.technifutur.demineurApp.DemineurFactoryTest
be.technifutur.demineurApp.DemineurFactoryTest.testgetApplicationNotNull  Time elapsed: 0.014 s  <<< FAILURE!
org.opentest4j.AssertionFailedError: expected: not <null>
	at DemineurProject/be.technifutur.demineurApp.DemineurFactoryTest.testgetApplicationNotNull(DemineurFactoryTest.java:12)

